<?xml version="1.0" encoding="UTF-8"?>
<testsuite xmlns:xsi="http://www.w3.org/2001/XMLSchema-instance" xsi:noNamespaceSchemaLocation="https://maven.apache.org/surefire/maven-surefire-plugin/xsd/surefire-test-report-3.0.xsd" version="3.0" name="com.brillio.SpringHelloworldDockerApplicationTests" time="6.296" tests="1" errors="0" skipped="0" failures="0">
  <properties>
[...]
</properties>
  <testcase name="contextLoads" classname="com.brillio.SpringHelloworldDockerApplicationTests" time="1.83">
    <system-out><![CDATA[10:21:12.941 [main] INFO org.springframework.test.context.support.AnnotationConfigContextLoaderUtils -- Could not detect default configuration classes for test class [com.brillio.SpringHelloworldDockerApplicationTests]: SpringHelloworldDockerApplicationTests does not declare any static, non-private, non-final, nested classes annotated with @Configuration.
10:21:13.155 [main] INFO org.springframework.boot.test.context.SpringBootTestContextBootstrapper -- Found @SpringBootConfiguration com.brillio.SpringHelloworldDockerApplication for test class com.brillio.SpringHelloworldDockerApplicationTests

  .   ____          _            __ _ _
 /\\ / ___'_ __ _ _(_)_ __  __ _ \ \ \ \
( ( )\___ | '_ | '_| | '_ \/ _` | \ \ \ \
 \\/  ___)| |_)| | | | | || (_| |  ) ) ) )
  '  |____| .__|_| |_|_| |_\__, | / / / /
 =========|_|==============|___/=/_/_/_/
 :: Spring Boot ::                (v3.2.5)

2024-05-17T10:21:13.939+05:30  INFO 14516 --- [spring-helloworld-docker] [           main] b.SpringHelloworldDockerApplicationTests : Starting SpringHelloworldDockerApplicationTests using Java 17.0.8 with PID 14516 (started by Saurabh Kuamar in D:\Training8thApril\spring-helloworld-docker)
2024-05-17T10:21:13.942+05:30  INFO 14516 --- [spring-helloworld-docker] [           main] b.SpringHelloworldDockerApplicationTests : No active profile set, falling back to 1 default profile: "default"
2024-05-17T10:21:16.959+05:30  INFO 14516 --- [spring-helloworld-docker] [           main] b.SpringHelloworldDockerApplicationTests : Started SpringHelloworldDockerApplicationTests in 3.528 seconds (process running for 5.898)
]]></system-out>
  </testcase>
</testsuite>